[03Dec2022 03:43:33.396] [main/INFO] [cpw.mods.modlauncher.Launcher/MODLAUNCHER]: ModLauncher running: args [--username, Nexoner, --version, 1.18.2, --gameDir, C:/Users/Mete/Documents/extra things that aren't e/MultiMC/instances/Tebeudia/.minecraft, --assetsDir, C:/Users/Mete/Documents/extra things that aren't e/MultiMC/assets, --assetIndex, 1.18, --uuid, a9f8346bd7fc407b8e535b9f1655c85b, --accessToken, ????????, --userType, msa, --versionType, release, --launchTarget, forgeclient, --fml.forgeVersion, 40.1.85, --fml.mcVersion, 1.18.2, --fml.forgeGroup, net.minecraftforge, --fml.mcpVersion, 20220404.173914, --width, 854, --height, 480]
[03Dec2022 03:43:33.401] [main/INFO] [cpw.mods.modlauncher.Launcher/MODLAUNCHER]: ModLauncher 9.1.3+9.1.3+main.9b69c82a starting: java version 17.0.3 by Eclipse Adoptium
[03Dec2022 03:43:33.577] [main/INFO] [mixin/]: SpongePowered MIXIN Subsystem Version=0.8.5 Source=union:/C:/Users/Mete/Documents/extra%20things%20that%20aren't%20e/MultiMC/libraries/org/spongepowered/mixin/0.8.5/mixin-0.8.5.jar%2348!/ Service=ModLauncher Env=CLIENT
[03Dec2022 03:43:34.731] [main/WARN] [net.minecraftforge.fml.loading.moddiscovery.ModFileParser/LOADING]: Mod file C:\Users\Mete\Documents\extra things that aren't e\MultiMC\libraries\net\minecraftforge\fmlcore\1.18.2-40.1.85\fmlcore-1.18.2-40.1.85.jar is missing mods.toml file
[03Dec2022 03:43:34.735] [main/WARN] [net.minecraftforge.fml.loading.moddiscovery.ModFileParser/LOADING]: Mod file C:\Users\Mete\Documents\extra things that aren't e\MultiMC\libraries\net\minecraftforge\javafmllanguage\1.18.2-40.1.85\javafmllanguage-1.18.2-40.1.85.jar is missing mods.toml file
[03Dec2022 03:43:34.739] [main/WARN] [net.minecraftforge.fml.loading.moddiscovery.ModFileParser/LOADING]: Mod file C:\Users\Mete\Documents\extra things that aren't e\MultiMC\libraries\net\minecraftforge\lowcodelanguage\1.18.2-40.1.85\lowcodelanguage-1.18.2-40.1.85.jar is missing mods.toml file
[03Dec2022 03:43:34.743] [main/WARN] [net.minecraftforge.fml.loading.moddiscovery.ModFileParser/LOADING]: Mod file C:\Users\Mete\Documents\extra things that aren't e\MultiMC\libraries\net\minecraftforge\mclanguage\1.18.2-40.1.85\mclanguage-1.18.2-40.1.85.jar is missing mods.toml file
[03Dec2022 03:43:34.841] [main/INFO] [net.minecraftforge.fml.loading.moddiscovery.JarInJarDependencyLocator/]: Found 1 dependencies adding them to mods collection
[03Dec2022 03:43:34.933] [main/ERROR] [net.minecraftforge.fml.loading.ModSorter/LOADING]: Missing or unsupported mandatory dependencies:
	Mod ID: 'ldlib', Requested by: 'multiblocked', Expected range: '[0.7.6,)', Actual version: '[MISSING]'
[03Dec2022 03:43:37.236] [main/INFO] [mixin/]: Compatibility level set to JAVA_17
[03Dec2022 03:43:37.249] [main/ERROR] [mixin/]: Mixin config kubejsadditions.mixins.json does not specify "minVersion" property
[03Dec2022 03:43:37.252] [main/ERROR] [mixin/]: Mixin config kubejsadditions-common.mixins.json does not specify "minVersion" property
[03Dec2022 03:43:37.379] [main/ERROR] [mixin/]: Mixin config polylib.mixins.json does not specify "minVersion" property
[03Dec2022 03:43:37.627] [main/INFO] [mixin/]: Successfully loaded Mixin Connector [com.leobeliik.extremesoundmuffler.MixinConnector]
[03Dec2022 03:43:37.631] [main/INFO] [cpw.mods.modlauncher.LaunchServiceHandler/MODLAUNCHER]: Launching target 'forgeclient' with arguments [--version, 1.18.2, --gameDir, C:\Users\Mete\Documents\extra things that aren't e\MultiMC\instances\Tebeudia\.minecraft, --assetsDir, C:\Users\Mete\Documents\extra things that aren't e\MultiMC\assets, --uuid, a9f8346bd7fc407b8e535b9f1655c85b, --username, Nexoner, --assetIndex, 1.18, --accessToken, ????????, --userType, msa, --versionType, release, --width, 854, --height, 480]
[03Dec2022 03:43:37.653] [main/WARN] [mixin/]: Reference map 'kubejsadditions-forge-refmap.json' for kubejsadditions.mixins.json could not be read. If this is a development environment you can ignore this message
[03Dec2022 03:43:37.666] [main/INFO] [Rubidium/]: Trying to switch memory allocators to work around memory leaks present with Jemalloc 5.0.0 through 5.2.0 on Windows
[03Dec2022 03:43:37.670] [main/INFO] [Rubidium/]: Loaded configuration file for Rubidium: 29 options available, 0 override(s) found
[03Dec2022 03:43:37.680] [main/WARN] [mixin/]: Reference map 'insanelib.refmap.json' for insanelib.mixins.json could not be read. If this is a development environment you can ignore this message
[03Dec2022 03:43:37.718] [main/WARN] [mixin/]: Reference map 'createmechanicalextruder.refmap.json' for create_mechanical_extruder.mixins.json could not be read. If this is a development environment you can ignore this message
[03Dec2022 03:43:37.803] [main/WARN] [mixin/]: Reference map 'probejs-forge-refmap.json' for probejs.mixins.json could not be read. If this is a development environment you can ignore this message
[03Dec2022 03:43:37.810] [main/WARN] [mixin/]: Reference map 'polylib-common-refmap.json' for polylib.mixins.json could not be read. If this is a development environment you can ignore this message
[03Dec2022 03:43:37.845] [main/WARN] [mixin/]: Reference map 'mobspropertiesrandomness.refmap.json' for mobspropertiesrandomness.mixins.json could not be read. If this is a development environment you can ignore this message
[03Dec2022 03:43:37.913] [main/WARN] [mixin/]: Reference map 'bloodmagic.refmap.json' for bloodmagic.mixins.json could not be read. If this is a development environment you can ignore this message
[03Dec2022 03:43:37.991] [main/WARN] [mixin/]: Reference map 'bloodsmeltery.refmap.json' for bloodsmeltery.mixin.json could not be read. If this is a development environment you can ignore this message
[03Dec2022 03:43:41.681] [pool-3-thread-1/INFO] [me.steinborn.lazydfu.LazyDFU/]: Lazy DFU
[03Dec2022 03:43:43.766] [Render thread/WARN] [net.minecraft.server.packs.VanillaPackResources/]: Assets URL 'union:/C:/Users/Mete/Documents/extra%20things%20that%20aren't%20e/MultiMC/libraries/net/minecraft/client/1.18.2-20220404.173914/client-1.18.2-20220404.173914-srg.jar%23209!/assets/.mcassetsroot' uses unexpected schema
[03Dec2022 03:43:43.766] [Render thread/WARN] [net.minecraft.server.packs.VanillaPackResources/]: Assets URL 'union:/C:/Users/Mete/Documents/extra%20things%20that%20aren't%20e/MultiMC/libraries/net/minecraft/client/1.18.2-20220404.173914/client-1.18.2-20220404.173914-srg.jar%23209!/data/.mcassetsroot' uses unexpected schema
[03Dec2022 03:43:43.774] [Render thread/INFO] [com.mojang.authlib.yggdrasil.YggdrasilAuthenticationService/]: Environment: authHost='https://authserver.mojang.com', accountsHost='https://api.mojang.com', sessionHost='https://sessionserver.mojang.com', servicesHost='https://api.minecraftservices.com', name='PROD'
[03Dec2022 03:43:44.376] [Render thread/INFO] [net.minecraft.client.Minecraft/]: Setting user: Nexoner
[03Dec2022 03:43:44.496] [Render thread/INFO] [net.minecraft.client.Minecraft/]: Backend library: LWJGL version 3.2.2 SNAPSHOT
[03Dec2022 03:43:44.675] [Render thread/INFO] [KubeJS/]: Loaded client.properties
[03Dec2022 03:43:44.956] [Render thread/FATAL] [net.minecraftforge.fml.ModLoader/CORE]: Error during pre-loading phase
net.minecraftforge.fml.ModLoadingException: Mod §emultiblocked§r requires §6ldlib§r §o0.7.6 or above§r
§7Currently, §6ldlib§r§7 is §o§nnot installed
	at net.minecraftforge.fml.ModLoadingException.lambda$fromEarlyException$0(ModLoadingException.java:50) ~[fmlcore-1.18.2-40.1.85.jar%23210!/:?]
	at java.util.stream.ReferencePipeline$3$1.accept(ReferencePipeline.java:197) ~[?:?]
	at java.util.AbstractList$RandomAccessSpliterator.forEachRemaining(AbstractList.java:720) ~[?:?]
	at java.util.stream.AbstractPipeline.copyInto(AbstractPipeline.java:509) ~[?:?]
	at java.util.stream.AbstractPipeline.wrapAndCopyInto(AbstractPipeline.java:499) ~[?:?]
	at java.util.stream.ForEachOps$ForEachOp.evaluateSequential(ForEachOps.java:150) ~[?:?]
	at java.util.stream.ForEachOps$ForEachOp$OfRef.evaluateSequential(ForEachOps.java:173) ~[?:?]
	at java.util.stream.AbstractPipeline.evaluate(AbstractPipeline.java:234) ~[?:?]
	at java.util.stream.ReferencePipeline.forEach(ReferencePipeline.java:596) ~[?:?]
	at java.util.stream.ReferencePipeline$7$1.accept(ReferencePipeline.java:276) ~[?:?]
	at java.util.ArrayList$ArrayListSpliterator.forEachRemaining(ArrayList.java:1625) ~[?:?]
	at java.util.stream.AbstractPipeline.copyInto(AbstractPipeline.java:509) ~[?:?]
	at java.util.stream.AbstractPipeline.wrapAndCopyInto(AbstractPipeline.java:499) ~[?:?]
	at java.util.stream.ReduceOps$ReduceOp.evaluateSequential(ReduceOps.java:921) ~[?:?]
	at java.util.stream.AbstractPipeline.evaluate(AbstractPipeline.java:234) ~[?:?]
	at java.util.stream.ReferencePipeline.collect(ReferencePipeline.java:682) ~[?:?]
	at net.minecraftforge.fml.ModLoader.<init>(ModLoader.java:95) ~[fmlcore-1.18.2-40.1.85.jar%23210!/:?]
	at net.minecraftforge.fml.ModLoader.get(ModLoader.java:127) ~[fmlcore-1.18.2-40.1.85.jar%23210!/:?]
	at net.minecraftforge.client.loading.ClientModLoader.lambda$begin$1(ClientModLoader.java:92) ~[forge-1.18.2-40.1.85-universal.jar%23214!/:?]
	at net.minecraftforge.client.loading.ClientModLoader.lambda$createRunnableWithCatch$4(ClientModLoader.java:112) ~[forge-1.18.2-40.1.85-universal.jar%23214!/:?]
	at net.minecraftforge.client.loading.ClientModLoader.begin(ClientModLoader.java:92) ~[forge-1.18.2-40.1.85-universal.jar%23214!/:?]
	at net.minecraft.client.Minecraft.<init>(Minecraft.java:459) ~[client-1.18.2-20220404.173914-srg.jar%23209!/:?]
	at net.minecraft.client.main.Main.main(Main.java:169) ~[client-1.18.2-20220404.173914-srg.jar%23209!/:?]
	at jdk.internal.reflect.NativeMethodAccessorImpl.invoke0(Native Method) ~[?:?]
	at jdk.internal.reflect.NativeMethodAccessorImpl.invoke(NativeMethodAccessorImpl.java:77) ~[?:?]
	at jdk.internal.reflect.DelegatingMethodAccessorImpl.invoke(DelegatingMethodAccessorImpl.java:43) ~[?:?]
	at java.lang.reflect.Method.invoke(Method.java:568) ~[?:?]
	at net.minecraftforge.fml.loading.targets.CommonClientLaunchHandler.lambda$launchService$0(CommonClientLaunchHandler.java:31) ~[fmlloader-1.18.2-40.1.85.jar%2351!/:?]
	at cpw.mods.modlauncher.LaunchServiceHandlerDecorator.launch(LaunchServiceHandlerDecorator.java:37) [modlauncher-9.1.3.jar%2339!/:?]
	at cpw.mods.modlauncher.LaunchServiceHandler.launch(LaunchServiceHandler.java:53) [modlauncher-9.1.3.jar%2339!/:?]
	at cpw.mods.modlauncher.LaunchServiceHandler.launch(LaunchServiceHandler.java:71) [modlauncher-9.1.3.jar%2339!/:?]
	at cpw.mods.modlauncher.Launcher.run(Launcher.java:106) [modlauncher-9.1.3.jar%2339!/:?]
	at cpw.mods.modlauncher.Launcher.main(Launcher.java:77) [modlauncher-9.1.3.jar%2339!/:?]
	at cpw.mods.modlauncher.BootstrapLaunchConsumer.accept(BootstrapLaunchConsumer.java:26) [modlauncher-9.1.3.jar%2339!/:?]
	at cpw.mods.modlauncher.BootstrapLaunchConsumer.accept(BootstrapLaunchConsumer.java:23) [modlauncher-9.1.3.jar%2339!/:?]
	at cpw.mods.bootstraplauncher.BootstrapLauncher.main(BootstrapLauncher.java:149) [bootstraplauncher-1.0.0.jar:?]
	at jdk.internal.reflect.NativeMethodAccessorImpl.invoke0(Native Method) ~[?:?]
	at jdk.internal.reflect.NativeMethodAccessorImpl.invoke(NativeMethodAccessorImpl.java:77) ~[?:?]
	at jdk.internal.reflect.DelegatingMethodAccessorImpl.invoke(DelegatingMethodAccessorImpl.java:43) ~[?:?]
	at java.lang.reflect.Method.invoke(Method.java:568) ~[?:?]
	at io.github.zekerzhayard.forgewrapper.installer.Main.main(Main.java:57) [ForgeWrapper-mmc3.jar:mmc3]
	at jdk.internal.reflect.NativeMethodAccessorImpl.invoke0(Native Method) ~[?:?]
	at jdk.internal.reflect.NativeMethodAccessorImpl.invoke(NativeMethodAccessorImpl.java:77) ~[?:?]
	at jdk.internal.reflect.DelegatingMethodAccessorImpl.invoke(DelegatingMethodAccessorImpl.java:43) ~[?:?]
	at java.lang.reflect.Method.invoke(Method.java:568) ~[?:?]
	at org.multimc.onesix.OneSixLauncher.launchWithMainClass(OneSixLauncher.java:210) [NewLaunch.jar:?]
	at org.multimc.onesix.OneSixLauncher.launch(OneSixLauncher.java:245) [NewLaunch.jar:?]
	at org.multimc.EntryPoint.listen(EntryPoint.java:143) [NewLaunch.jar:?]
	at org.multimc.EntryPoint.main(EntryPoint.java:34) [NewLaunch.jar:?]
[03Dec2022 03:43:45.051] [Render thread/ERROR] [net.minecraftforge.fml.ModLoader/]: Cowardly refusing to send event net.minecraftforge.client.event.sound.SoundLoadEvent to a broken mod state
[03Dec2022 03:43:45.175] [Render thread/ERROR] [net.minecraftforge.fml.ModLoader/]: Cowardly refusing to send event net.minecraftforge.client.event.ColorHandlerEvent$Block to a broken mod state
[03Dec2022 03:43:45.179] [Render thread/ERROR] [net.minecraftforge.fml.ModLoader/]: Cowardly refusing to send event net.minecraftforge.client.event.ColorHandlerEvent$Item to a broken mod state
[03Dec2022 03:43:45.396] [Render thread/ERROR] [net.minecraftforge.fml.ModLoader/]: Cowardly refusing to send event net.minecraftforge.client.event.RenderLevelStageEvent$RegisterStageEvent to a broken mod state
[03Dec2022 03:43:45.585] [Render thread/ERROR] [net.minecraftforge.fml.ModLoader/]: Cowardly refusing to send event net.minecraftforge.client.event.ParticleFactoryRegisterEvent to a broken mod state
[03Dec2022 03:43:45.665] [Render thread/INFO] [com.mojang.text2speech.NarratorWindows/]: Narrator library for x64 successfully loaded
[03Dec2022 03:43:45.691] [Render thread/ERROR] [net.minecraftforge.fml.ModLoader/]: Cowardly refusing to send event net.minecraftforge.client.event.RegisterClientReloadListenersEvent to a broken mod state
[03Dec2022 03:43:45.691] [Render thread/ERROR] [net.minecraftforge.fml.ModLoader/]: Cowardly refusing to send event net.minecraftforge.client.event.EntityRenderersEvent$RegisterLayerDefinitions to a broken mod state
[03Dec2022 03:43:45.692] [Render thread/ERROR] [net.minecraftforge.fml.ModLoader/]: Cowardly refusing to send event net.minecraftforge.client.event.EntityRenderersEvent$RegisterRenderers to a broken mod state
[03Dec2022 03:43:45.794] [Render thread/INFO] [net.minecraft.server.packs.resources.ReloadableResourceManager/]: Reloading ResourceManager: Default
[03Dec2022 03:43:45.848] [Worker-Main-1/ERROR] [net.minecraftforge.fml.ModLoader/]: Cowardly refusing to send event net.minecraftforge.client.event.ModelRegistryEvent to a broken mod state
[03Dec2022 03:43:45.871] [Worker-Main-9/ERROR] [net.minecraftforge.fml.ModLoader/]: Cowardly refusing to send event net.minecraftforge.client.event.TextureStitchEvent$Pre to a broken mod state
[03Dec2022 03:43:45.871] [Worker-Main-4/ERROR] [net.minecraftforge.fml.ModLoader/]: Cowardly refusing to send event net.minecraftforge.client.event.TextureStitchEvent$Pre to a broken mod state
[03Dec2022 03:43:45.871] [Worker-Main-10/ERROR] [net.minecraftforge.fml.ModLoader/]: Cowardly refusing to send event net.minecraftforge.client.event.TextureStitchEvent$Pre to a broken mod state
[03Dec2022 03:43:48.953] [Worker-Main-1/ERROR] [net.minecraftforge.fml.ModLoader/]: Cowardly refusing to send event net.minecraftforge.client.event.TextureStitchEvent$Pre to a broken mod state
[03Dec2022 03:43:49.369] [Worker-Main-1/ERROR] [net.minecraftforge.fml.ModLoader/]: Cowardly refusing to send event net.minecraftforge.client.event.TextureStitchEvent$Pre to a broken mod state
[03Dec2022 03:43:49.373] [Worker-Main-1/ERROR] [net.minecraftforge.fml.ModLoader/]: Cowardly refusing to send event net.minecraftforge.client.event.TextureStitchEvent$Pre to a broken mod state
[03Dec2022 03:43:49.386] [Worker-Main-1/ERROR] [net.minecraftforge.fml.ModLoader/]: Cowardly refusing to send event net.minecraftforge.client.event.TextureStitchEvent$Pre to a broken mod state
[03Dec2022 03:43:49.399] [Worker-Main-1/ERROR] [net.minecraftforge.fml.ModLoader/]: Cowardly refusing to send event net.minecraftforge.client.event.TextureStitchEvent$Pre to a broken mod state
[03Dec2022 03:43:49.405] [Worker-Main-1/ERROR] [net.minecraftforge.fml.ModLoader/]: Cowardly refusing to send event net.minecraftforge.client.event.TextureStitchEvent$Pre to a broken mod state
[03Dec2022 03:43:49.412] [Worker-Main-1/ERROR] [net.minecraftforge.fml.ModLoader/]: Cowardly refusing to send event net.minecraftforge.client.event.TextureStitchEvent$Pre to a broken mod state
[03Dec2022 03:43:49.503] [Render thread/INFO] [com.mojang.blaze3d.audio.Library/]: OpenAL initialized on device OpenAL Soft on Hoparlör (Realtek(R) Audio)
[03Dec2022 03:43:49.503] [Render thread/INFO] [net.minecraft.client.sounds.SoundEngine/SOUNDS]: Sound engine started
[03Dec2022 03:43:49.663] [Render thread/INFO] [net.minecraft.client.renderer.texture.TextureAtlas/]: Created: 1024x512x4 minecraft:textures/atlas/blocks.png-atlas
[03Dec2022 03:43:49.671] [Render thread/ERROR] [net.minecraftforge.fml.ModLoader/]: Cowardly refusing to send event net.minecraftforge.client.event.TextureStitchEvent$Post to a broken mod state
[03Dec2022 03:43:49.672] [Render thread/INFO] [net.minecraft.client.renderer.texture.TextureAtlas/]: Created: 256x128x4 minecraft:textures/atlas/signs.png-atlas
[03Dec2022 03:43:49.672] [Render thread/ERROR] [net.minecraftforge.fml.ModLoader/]: Cowardly refusing to send event net.minecraftforge.client.event.TextureStitchEvent$Post to a broken mod state
[03Dec2022 03:43:49.672] [Render thread/INFO] [net.minecraft.client.renderer.texture.TextureAtlas/]: Created: 512x512x4 minecraft:textures/atlas/banner_patterns.png-atlas
[03Dec2022 03:43:49.672] [Render thread/ERROR] [net.minecraftforge.fml.ModLoader/]: Cowardly refusing to send event net.minecraftforge.client.event.TextureStitchEvent$Post to a broken mod state
[03Dec2022 03:43:49.672] [Render thread/INFO] [net.minecraft.client.renderer.texture.TextureAtlas/]: Created: 512x512x4 minecraft:textures/atlas/shield_patterns.png-atlas
[03Dec2022 03:43:49.672] [Render thread/ERROR] [net.minecraftforge.fml.ModLoader/]: Cowardly refusing to send event net.minecraftforge.client.event.TextureStitchEvent$Post to a broken mod state
[03Dec2022 03:43:49.672] [Render thread/INFO] [net.minecraft.client.renderer.texture.TextureAtlas/]: Created: 256x256x4 minecraft:textures/atlas/chest.png-atlas
[03Dec2022 03:43:49.673] [Render thread/ERROR] [net.minecraftforge.fml.ModLoader/]: Cowardly refusing to send event net.minecraftforge.client.event.TextureStitchEvent$Post to a broken mod state
[03Dec2022 03:43:49.673] [Render thread/INFO] [net.minecraft.client.renderer.texture.TextureAtlas/]: Created: 512x256x4 minecraft:textures/atlas/beds.png-atlas
[03Dec2022 03:43:49.673] [Render thread/ERROR] [net.minecraftforge.fml.ModLoader/]: Cowardly refusing to send event net.minecraftforge.client.event.TextureStitchEvent$Post to a broken mod state
[03Dec2022 03:43:49.673] [Render thread/INFO] [net.minecraft.client.renderer.texture.TextureAtlas/]: Created: 512x256x4 minecraft:textures/atlas/shulker_boxes.png-atlas
[03Dec2022 03:43:49.673] [Render thread/ERROR] [net.minecraftforge.fml.ModLoader/]: Cowardly refusing to send event net.minecraftforge.client.event.TextureStitchEvent$Post to a broken mod state
[03Dec2022 03:43:49.685] [Render thread/WARN] [mixin/]: Method overwrite conflict for getSprite in ae2.mixins.json:unlitquad.BakedQuadAccessor, previously written by me.jellysquid.mods.sodium.mixin.core.pipeline.MixinBakedQuad. Skipping method.
[03Dec2022 03:43:49.969] [Render thread/ERROR] [net.minecraftforge.fml.ModLoader/]: Cowardly refusing to send event net.minecraftforge.client.event.ModelBakeEvent to a broken mod state
[03Dec2022 03:43:50.094] [Render thread/ERROR] [net.minecraftforge.fml.ModLoader/]: Cowardly refusing to send event net.minecraftforge.client.event.EntityRenderersEvent$CreateSkullModels to a broken mod state
[03Dec2022 03:43:50.097] [Render thread/ERROR] [net.minecraftforge.fml.ModLoader/]: Cowardly refusing to send event net.minecraftforge.client.event.EntityRenderersEvent$CreateSkullModels to a broken mod state
[03Dec2022 03:43:50.188] [Render thread/ERROR] [net.minecraftforge.fml.ModLoader/]: Cowardly refusing to send event net.minecraftforge.client.event.EntityRenderersEvent$CreateSkullModels to a broken mod state
[03Dec2022 03:43:50.189] [Render thread/ERROR] [net.minecraftforge.fml.ModLoader/]: Cowardly refusing to send event net.minecraftforge.client.event.EntityRenderersEvent$CreateSkullModels to a broken mod state
[03Dec2022 03:43:50.192] [Render thread/ERROR] [net.minecraftforge.fml.ModLoader/]: Cowardly refusing to send event net.minecraftforge.client.event.EntityRenderersEvent$CreateSkullModels to a broken mod state
[03Dec2022 03:43:50.194] [Render thread/ERROR] [net.minecraftforge.fml.ModLoader/]: Cowardly refusing to send event net.minecraftforge.client.event.EntityRenderersEvent$CreateSkullModels to a broken mod state
[03Dec2022 03:43:50.196] [Render thread/ERROR] [net.minecraftforge.fml.ModLoader/]: Cowardly refusing to send event net.minecraftforge.client.event.EntityRenderersEvent$CreateSkullModels to a broken mod state
[03Dec2022 03:43:50.196] [Render thread/ERROR] [net.minecraftforge.fml.ModLoader/]: Cowardly refusing to send event net.minecraftforge.client.event.EntityRenderersEvent$CreateSkullModels to a broken mod state
[03Dec2022 03:43:50.201] [Render thread/ERROR] [net.minecraftforge.fml.ModLoader/]: Cowardly refusing to send event net.minecraftforge.client.event.EntityRenderersEvent$CreateSkullModels to a broken mod state
[03Dec2022 03:43:50.202] [Render thread/ERROR] [net.minecraftforge.fml.ModLoader/]: Cowardly refusing to send event net.minecraftforge.client.event.EntityRenderersEvent$CreateSkullModels to a broken mod state
[03Dec2022 03:43:50.204] [Render thread/ERROR] [net.minecraftforge.fml.ModLoader/]: Cowardly refusing to send event net.minecraftforge.client.event.EntityRenderersEvent$CreateSkullModels to a broken mod state
[03Dec2022 03:43:50.204] [Render thread/ERROR] [net.minecraftforge.fml.ModLoader/]: Cowardly refusing to send event net.minecraftforge.client.event.EntityRenderersEvent$CreateSkullModels to a broken mod state
[03Dec2022 03:43:50.205] [Render thread/ERROR] [net.minecraftforge.fml.ModLoader/]: Cowardly refusing to send event net.minecraftforge.client.event.EntityRenderersEvent$CreateSkullModels to a broken mod state
[03Dec2022 03:43:50.205] [Render thread/ERROR] [net.minecraftforge.fml.ModLoader/]: Cowardly refusing to send event net.minecraftforge.client.event.EntityRenderersEvent$CreateSkullModels to a broken mod state
[03Dec2022 03:43:50.205] [Render thread/ERROR] [net.minecraftforge.fml.ModLoader/]: Cowardly refusing to send event net.minecraftforge.client.event.EntityRenderersEvent$CreateSkullModels to a broken mod state
[03Dec2022 03:43:50.207] [Render thread/ERROR] [net.minecraftforge.fml.ModLoader/]: Cowardly refusing to send event net.minecraftforge.client.event.EntityRenderersEvent$CreateSkullModels to a broken mod state
[03Dec2022 03:43:50.207] [Render thread/ERROR] [net.minecraftforge.fml.ModLoader/]: Cowardly refusing to send event net.minecraftforge.client.event.EntityRenderersEvent$CreateSkullModels to a broken mod state
[03Dec2022 03:43:50.207] [Render thread/ERROR] [net.minecraftforge.fml.ModLoader/]: Cowardly refusing to send event net.minecraftforge.client.event.EntityRenderersEvent$CreateSkullModels to a broken mod state
[03Dec2022 03:43:50.207] [Render thread/ERROR] [net.minecraftforge.fml.ModLoader/]: Cowardly refusing to send event net.minecraftforge.client.event.EntityRenderersEvent$CreateSkullModels to a broken mod state
[03Dec2022 03:43:50.208] [Render thread/ERROR] [net.minecraftforge.fml.ModLoader/]: Cowardly refusing to send event net.minecraftforge.client.event.EntityRenderersEvent$CreateSkullModels to a broken mod state
[03Dec2022 03:43:50.216] [Render thread/ERROR] [net.minecraftforge.fml.ModLoader/]: Cowardly refusing to send event net.minecraftforge.client.event.EntityRenderersEvent$CreateSkullModels to a broken mod state
[03Dec2022 03:43:50.216] [Render thread/ERROR] [net.minecraftforge.fml.ModLoader/]: Cowardly refusing to send event net.minecraftforge.client.event.EntityRenderersEvent$CreateSkullModels to a broken mod state
[03Dec2022 03:43:50.216] [Render thread/ERROR] [net.minecraftforge.fml.ModLoader/]: Cowardly refusing to send event net.minecraftforge.client.event.EntityRenderersEvent$AddLayers to a broken mod state
[03Dec2022 03:43:50.519] [Render thread/ERROR] [net.minecraftforge.fml.ModLoader/]: Cowardly refusing to send event net.minecraftforge.client.event.RegisterShadersEvent to a broken mod state
[03Dec2022 03:43:50.615] [Render thread/INFO] [net.minecraft.client.renderer.texture.TextureAtlas/]: Created: 256x256x0 minecraft:textures/atlas/particles.png-atlas
[03Dec2022 03:43:50.615] [Render thread/ERROR] [net.minecraftforge.fml.ModLoader/]: Cowardly refusing to send event net.minecraftforge.client.event.TextureStitchEvent$Post to a broken mod state
[03Dec2022 03:43:50.616] [Render thread/INFO] [net.minecraft.client.renderer.texture.TextureAtlas/]: Created: 256x256x0 minecraft:textures/atlas/paintings.png-atlas
[03Dec2022 03:43:50.616] [Render thread/ERROR] [net.minecraftforge.fml.ModLoader/]: Cowardly refusing to send event net.minecraftforge.client.event.TextureStitchEvent$Post to a broken mod state
[03Dec2022 03:43:50.616] [Render thread/INFO] [net.minecraft.client.renderer.texture.TextureAtlas/]: Created: 128x128x0 minecraft:textures/atlas/mob_effects.png-atlas
[03Dec2022 03:43:50.617] [Render thread/ERROR] [net.minecraftforge.fml.ModLoader/]: Cowardly refusing to send event net.minecraftforge.client.event.TextureStitchEvent$Post to a broken mod state
[03Dec2022 03:43:50.733] [Render thread/FATAL] [net.minecraftforge.client.loading.ClientModLoader/]: Crash report saved to C:\Users\Mete\Documents\extra things that aren't e\MultiMC\instances\Tebeudia\.minecraft\crash-reports\crash-2022-12-03_03.43.50-fml.txt
[03Dec2022 03:43:59.140] [Render thread/INFO] [net.minecraft.client.Minecraft/]: Stopping!
[03Dec2022 03:43:59.202] [Render thread/ERROR] [net.minecraft.client.Minecraft/]: Shutdown failure!
java.lang.ExceptionInInitializerError: null
	at net.minecraft.Util.handler$zmf000$shutdownExecutorsFTBC(Util.java:1237) ~[client-1.18.2-20220404.173914-srg.jar%23209!/:?]
	at net.minecraft.Util.m_137580_(Util.java:176) ~[client-1.18.2-20220404.173914-srg.jar%23209!/:?]
	at net.minecraft.client.Minecraft.close(Minecraft.java:981) ~[client-1.18.2-20220404.173914-srg.jar%23209!/:?]
	at net.minecraft.client.Minecraft.m_91393_(Minecraft.java:956) ~[client-1.18.2-20220404.173914-srg.jar%23209!/:?]
	at net.minecraft.client.main.Main.main(Main.java:221) ~[client-1.18.2-20220404.173914-srg.jar%23209!/:?]
	at jdk.internal.reflect.NativeMethodAccessorImpl.invoke0(Native Method) ~[?:?]
	at jdk.internal.reflect.NativeMethodAccessorImpl.invoke(NativeMethodAccessorImpl.java:77) ~[?:?]
	at jdk.internal.reflect.DelegatingMethodAccessorImpl.invoke(DelegatingMethodAccessorImpl.java:43) ~[?:?]
	at java.lang.reflect.Method.invoke(Method.java:568) ~[?:?]
	at net.minecraftforge.fml.loading.targets.CommonClientLaunchHandler.lambda$launchService$0(CommonClientLaunchHandler.java:31) ~[fmlloader-1.18.2-40.1.85.jar%2351!/:?]
	at cpw.mods.modlauncher.LaunchServiceHandlerDecorator.launch(LaunchServiceHandlerDecorator.java:37) [modlauncher-9.1.3.jar%2339!/:?]
	at cpw.mods.modlauncher.LaunchServiceHandler.launch(LaunchServiceHandler.java:53) [modlauncher-9.1.3.jar%2339!/:?]
	at cpw.mods.modlauncher.LaunchServiceHandler.launch(LaunchServiceHandler.java:71) [modlauncher-9.1.3.jar%2339!/:?]
	at cpw.mods.modlauncher.Launcher.run(Launcher.java:106) [modlauncher-9.1.3.jar%2339!/:?]
	at cpw.mods.modlauncher.Launcher.main(Launcher.java:77) [modlauncher-9.1.3.jar%2339!/:?]
	at cpw.mods.modlauncher.BootstrapLaunchConsumer.accept(BootstrapLaunchConsumer.java:26) [modlauncher-9.1.3.jar%2339!/:?]
	at cpw.mods.modlauncher.BootstrapLaunchConsumer.accept(BootstrapLaunchConsumer.java:23) [modlauncher-9.1.3.jar%2339!/:?]
	at cpw.mods.bootstraplauncher.BootstrapLauncher.main(BootstrapLauncher.java:149) [bootstraplauncher-1.0.0.jar:?]
	at jdk.internal.reflect.NativeMethodAccessorImpl.invoke0(Native Method) ~[?:?]
	at jdk.internal.reflect.NativeMethodAccessorImpl.invoke(NativeMethodAccessorImpl.java:77) ~[?:?]
	at jdk.internal.reflect.DelegatingMethodAccessorImpl.invoke(DelegatingMethodAccessorImpl.java:43) ~[?:?]
	at java.lang.reflect.Method.invoke(Method.java:568) ~[?:?]
	at io.github.zekerzhayard.forgewrapper.installer.Main.main(Main.java:57) [ForgeWrapper-mmc3.jar:mmc3]
	at jdk.internal.reflect.NativeMethodAccessorImpl.invoke0(Native Method) ~[?:?]
	at jdk.internal.reflect.NativeMethodAccessorImpl.invoke(NativeMethodAccessorImpl.java:77) ~[?:?]
	at jdk.internal.reflect.DelegatingMethodAccessorImpl.invoke(DelegatingMethodAccessorImpl.java:43) ~[?:?]
	at java.lang.reflect.Method.invoke(Method.java:568) ~[?:?]
	at org.multimc.onesix.OneSixLauncher.launchWithMainClass(OneSixLauncher.java:210) [NewLaunch.jar:?]
	at org.multimc.onesix.OneSixLauncher.launch(OneSixLauncher.java:245) [NewLaunch.jar:?]
	at org.multimc.EntryPoint.listen(EntryPoint.java:143) [NewLaunch.jar:?]
	at org.multimc.EntryPoint.main(EntryPoint.java:34) [NewLaunch.jar:?]
Caused by: java.lang.IllegalStateException: Can't get event bus for mod 'ftbchunks' because it was not registered!
	at dev.architectury.registry.registries.forge.RegistriesImpl$RegistryProviderImpl.lambda$new$0(RegistriesImpl.java:138) ~[architectury-4.10.86-forge.jar%2363!/:?]
	at java.util.Optional.orElseThrow(Optional.java:403) ~[?:?]
	at dev.architectury.registry.registries.forge.RegistriesImpl$RegistryProviderImpl.lambda$new$1(RegistriesImpl.java:138) ~[architectury-4.10.86-forge.jar%2363!/:?]
	at com.google.common.base.Suppliers$NonSerializableMemoizingSupplier.get(Suppliers.java:183) ~[guava-31.0.1-jre.jar%2318!/:?]
	at dev.architectury.registry.registries.forge.RegistriesImpl$RegistryProviderImpl.updateEventBus(RegistriesImpl.java:147) ~[architectury-4.10.86-forge.jar%2363!/:?]
	at dev.architectury.registry.registries.forge.RegistriesImpl$RegistryProviderImpl.get(RegistriesImpl.java:153) ~[architectury-4.10.86-forge.jar%2363!/:?]
	at dev.architectury.registry.registries.Registries.get(Registries.java:51) ~[architectury-4.10.86-forge.jar%2363!/:?]
	at dev.ftb.mods.ftbchunks.FTBChunks.<clinit>(FTBChunks.java:107) ~[ftb-chunks-forge-1802.3.7-build.172.jar%23107!/:1802.3.7-build.172]
	... 31 more
